<?xml version="1.0" encoding="UTF-8"?>
<!-- Generated by org.testng.reporters.JUnitReportReporter -->
<testsuite skipped="0" hostname="DESKTOP-ILE00BH" name="com.demoaut.newtours.Pages.VerifyInvalidLoginTest" tests="1" failures="0" timestamp="2020-01-03T18:36:25 EST" time="33.315" errors="0">
  <testcase name="verifyInvalidCredential" time="33.315" classname="com.demoaut.newtours.Pages.VerifyInvalidLoginTest"/>
</testsuite> <!-- com.demoaut.newtours.Pages.VerifyInvalidLoginTest -->
