<?xml version="1.0" encoding="UTF-8"?>
<!-- Generated by org.testng.reporters.JUnitReportReporter -->
<testsuite skipped="0" hostname="DESKTOP-ILE00BH" name="kdf.Application" tests="1" failures="0" timestamp="2020-01-05T12:08:29 EST" time="23.269" errors="0">
  <testcase name="verifyInvalidCredentials" time="23.269" classname="kdf.Application"/>
</testsuite> <!-- kdf.Application -->
